2026-01-23 14:18:30,394 - INFO - 开始幸福感数据集导入流程...
2026-01-23 14:18:30,395 - INFO - 开始导入简化版数据...
2026-01-23 14:18:30,417 - INFO - 开始预处理train数据集，原始数据量: 8000
2026-01-23 14:18:30,620 - INFO - train数据集预处理完成，清洗后数据量: 8000
2026-01-23 14:18:30,629 - INFO - 开始预处理test数据集，原始数据量: 2968
2026-01-23 14:18:30,707 - INFO - test数据集预处理完成，清洗后数据量: 2968
2026-01-23 14:18:31,296 - ERROR - 插入py_happiness_survey表失败: (1054, "Unknown column 'survey_type' in 'field list'")
2026-01-23 14:18:31,297 - ERROR - 导入简化版数据失败: (1054, "Unknown column 'survey_type' in 'field list'")
2026-01-23 14:18:31,297 - ERROR - 数据导入流程失败: (1054, "Unknown column 'survey_type' in 'field list'")
2026-01-23 14:21:37,492 - INFO - 开始幸福感数据集导入流程...
2026-01-23 14:21:37,492 - INFO - 开始导入简化版数据...
2026-01-23 14:21:37,513 - INFO - 开始预处理train数据集，原始数据量: 8000
2026-01-23 14:21:37,749 - INFO - train数据集预处理完成，清洗后数据量: 8000
2026-01-23 14:21:37,758 - INFO - 开始预处理test数据集，原始数据量: 2968
2026-01-23 14:21:37,842 - INFO - test数据集预处理完成，清洗后数据量: 2968
2026-01-23 14:21:38,407 - ERROR - 插入py_happiness_survey表失败: (1054, "Unknown column 'survey_time' in 'field list'")
2026-01-23 14:21:38,407 - ERROR - 导入简化版数据失败: (1054, "Unknown column 'survey_time' in 'field list'")
2026-01-23 14:21:38,407 - ERROR - 数据导入流程失败: (1054, "Unknown column 'survey_time' in 'field list'")
2026-01-23 14:21:59,229 - INFO - 开始幸福感数据集导入流程...
2026-01-23 14:21:59,229 - INFO - 开始导入简化版数据...
2026-01-23 14:21:59,250 - INFO - 开始预处理train数据集，原始数据量: 8000
2026-01-23 14:21:59,462 - INFO - train数据集预处理完成，清洗后数据量: 8000
2026-01-23 14:21:59,472 - INFO - 开始预处理test数据集，原始数据量: 2968
2026-01-23 14:21:59,554 - INFO - test数据集预处理完成，清洗后数据量: 2968
2026-01-23 14:22:00,141 - ERROR - 插入py_happiness_survey表失败: (1054, "Unknown column 'family_income' in 'field list'")
2026-01-23 14:22:00,141 - ERROR - 导入简化版数据失败: (1054, "Unknown column 'family_income' in 'field list'")
2026-01-23 14:22:00,141 - ERROR - 数据导入流程失败: (1054, "Unknown column 'family_income' in 'field list'")
2026-01-23 14:22:24,097 - INFO - 开始幸福感数据集导入流程...
2026-01-23 14:22:24,097 - INFO - 开始导入简化版数据...
2026-01-23 14:22:24,119 - INFO - 开始预处理train数据集，原始数据量: 8000
2026-01-23 14:22:24,338 - INFO - train数据集预处理完成，清洗后数据量: 8000
2026-01-23 14:22:24,347 - INFO - 开始预处理test数据集，原始数据量: 2968
2026-01-23 14:22:24,432 - INFO - test数据集预处理完成，清洗后数据量: 2968
2026-01-23 14:22:24,992 - ERROR - 插入py_happiness_survey表失败: (1054, "Unknown column 'data_source' in 'field list'")
2026-01-23 14:22:24,992 - ERROR - 导入简化版数据失败: (1054, "Unknown column 'data_source' in 'field list'")
2026-01-23 14:22:24,992 - ERROR - 数据导入流程失败: (1054, "Unknown column 'data_source' in 'field list'")
2026-01-23 14:22:46,130 - INFO - 开始幸福感数据集导入流程...
2026-01-23 14:22:46,131 - INFO - 开始导入简化版数据...
2026-01-23 14:22:46,153 - INFO - 开始预处理train数据集，原始数据量: 8000
2026-01-23 14:22:46,374 - INFO - train数据集预处理完成，清洗后数据量: 8000
2026-01-23 14:22:46,382 - INFO - 开始预处理test数据集，原始数据量: 2968
2026-01-23 14:22:46,463 - INFO - test数据集预处理完成，清洗后数据量: 2968
2026-01-23 14:22:47,079 - INFO - 已插入py_happiness_survey表第1批数据，共1000条记录
2026-01-23 14:22:47,183 - INFO - 已插入py_happiness_survey表第2批数据，共1000条记录
2026-01-23 14:22:47,285 - INFO - 已插入py_happiness_survey表第3批数据，共1000条记录
2026-01-23 14:22:47,339 - INFO - 已插入py_happiness_survey表第4批数据，共1000条记录
2026-01-23 14:22:47,397 - INFO - 已插入py_happiness_survey表第5批数据，共1000条记录
2026-01-23 14:22:47,453 - INFO - 已插入py_happiness_survey表第6批数据，共1000条记录
2026-01-23 14:22:47,511 - INFO - 已插入py_happiness_survey表第7批数据，共1000条记录
2026-01-23 14:22:47,566 - INFO - 已插入py_happiness_survey表第8批数据，共1000条记录
2026-01-23 14:22:47,632 - INFO - 已插入py_happiness_survey表第9批数据，共1000条记录
2026-01-23 14:22:47,685 - INFO - 已插入py_happiness_survey表第10批数据，共1000条记录
2026-01-23 14:22:47,734 - INFO - 已插入py_happiness_survey表第11批数据，共968条记录
2026-01-23 14:22:47,734 - INFO - 成功插入py_happiness_survey表总计10968条记录
2026-01-23 14:22:47,740 - INFO - 简化版数据导入完成
2026-01-23 14:22:47,742 - INFO - 开始导入完整版数据...
2026-01-23 14:22:47,770 - WARNING - 完整版训练数据编码问题，跳过完整版数据导入
2026-01-23 14:22:47,770 - INFO - 开始创建额外的索引和约束...
2026-01-23 14:22:47,858 - INFO - 成功执行: CREATE INDEX idx_happiness_gender
2026-01-23 14:22:47,932 - INFO - 成功执行: CREATE INDEX idx_province_city
2026-01-23 14:22:47,994 - INFO - 成功执行: CREATE INDEX idx_edu_income
2026-01-23 14:22:48,054 - INFO - 成功执行: CREATE INDEX idx_marital_status
2026-01-23 14:22:48,075 - INFO - 成功执行: CREATE INDEX idx_complete_happiness_gender
2026-01-23 14:22:48,094 - INFO - 成功执行: CREATE INDEX idx_complete_province_city
2026-01-23 14:22:48,113 - INFO - 成功执行: CREATE INDEX idx_complete_edu_income
2026-01-23 14:22:48,130 - INFO - 成功执行: CREATE INDEX idx_complete_marital
2026-01-23 14:22:48,130 - INFO - 数据导入流程完成，总耗时: 2.00秒
2026-01-23 14:26:18,148 - INFO - 开始幸福感数据集导入流程...
2026-01-23 14:26:18,149 - INFO - 开始导入简化版数据...
2026-01-23 14:26:18,174 - INFO - 开始预处理train数据集，原始数据量: 8000
2026-01-23 14:26:18,387 - INFO - train数据集预处理完成，清洗后数据量: 8000
2026-01-23 14:26:18,396 - INFO - 开始预处理test数据集，原始数据量: 2968
2026-01-23 14:26:18,481 - INFO - test数据集预处理完成，清洗后数据量: 2968
2026-01-23 14:26:19,075 - ERROR - 插入py_happiness_survey表失败: (1062, "Duplicate entry '1' for key 'PRIMARY'")
2026-01-23 14:26:19,075 - ERROR - 导入简化版数据失败: (1062, "Duplicate entry '1' for key 'PRIMARY'")
2026-01-23 14:26:19,075 - ERROR - 数据导入流程失败: (1062, "Duplicate entry '1' for key 'PRIMARY'")
2026-01-23 14:27:09,817 - INFO - 开始幸福感数据集导入流程...
2026-01-23 14:27:09,817 - INFO - 开始导入简化版数据...
2026-01-23 14:27:09,851 - INFO - 已清空 py_happiness_survey 表
2026-01-23 14:27:09,874 - INFO - 开始预处理train数据集，原始数据量: 8000
2026-01-23 14:27:10,102 - INFO - train数据集预处理完成，清洗后数据量: 8000
2026-01-23 14:27:10,114 - INFO - 开始预处理test数据集，原始数据量: 2968
2026-01-23 14:27:10,199 - INFO - test数据集预处理完成，清洗后数据量: 2968
2026-01-23 14:27:10,875 - INFO - 已插入py_happiness_survey表第1批数据，共1000条记录
2026-01-23 14:27:11,007 - INFO - 已插入py_happiness_survey表第2批数据，共1000条记录
2026-01-23 14:27:11,079 - INFO - 已插入py_happiness_survey表第3批数据，共1000条记录
2026-01-23 14:27:11,138 - INFO - 已插入py_happiness_survey表第4批数据，共1000条记录
2026-01-23 14:27:11,200 - INFO - 已插入py_happiness_survey表第5批数据，共1000条记录
2026-01-23 14:27:11,260 - INFO - 已插入py_happiness_survey表第6批数据，共1000条记录
2026-01-23 14:27:11,332 - INFO - 已插入py_happiness_survey表第7批数据，共1000条记录
2026-01-23 14:27:11,390 - INFO - 已插入py_happiness_survey表第8批数据，共1000条记录
2026-01-23 14:27:11,457 - INFO - 已插入py_happiness_survey表第9批数据，共1000条记录
2026-01-23 14:27:11,516 - INFO - 已插入py_happiness_survey表第10批数据，共1000条记录
2026-01-23 14:27:11,574 - INFO - 已插入py_happiness_survey表第11批数据，共968条记录
2026-01-23 14:27:11,574 - INFO - 成功插入py_happiness_survey表总计10968条记录
2026-01-23 14:27:11,581 - INFO - 简化版数据导入完成
2026-01-23 14:27:11,582 - INFO - 开始导入完整版数据...
2026-01-23 14:27:11,608 - INFO - 已清空 py_happiness_survey_complete 表
2026-01-23 14:27:11,642 - WARNING - 完整版训练数据编码问题，跳过完整版数据导入
2026-01-23 14:27:11,642 - INFO - 开始创建额外的索引和约束...
2026-01-23 14:27:11,645 - WARNING - 执行失败 (可能已存在): CREATE INDEX idx_happiness_gender ON py_happiness_survey(happiness, gender); - (1061, "Duplicate key name 'idx_happiness_gender'")
2026-01-23 14:27:11,646 - WARNING - 执行失败 (可能已存在): CREATE INDEX idx_province_city ON py_happiness_survey(province, city); - (1061, "Duplicate key name 'idx_province_city'")
2026-01-23 14:27:11,647 - WARNING - 执行失败 (可能已存在): CREATE INDEX idx_edu_income ON py_happiness_survey(edu, income); - (1061, "Duplicate key name 'idx_edu_income'")
2026-01-23 14:27:11,648 - WARNING - 执行失败 (可能已存在): CREATE INDEX idx_marital_status ON py_happiness_survey(marital); - (1061, "Duplicate key name 'idx_marital_status'")
2026-01-23 14:27:11,649 - WARNING - 执行失败 (可能已存在): CREATE INDEX idx_complete_happiness_gender ON py_happiness_survey_complete(happiness, gender); - (1061, "Duplicate key name 'idx_complete_happiness_gender'")
2026-01-23 14:27:11,649 - WARNING - 执行失败 (可能已存在): CREATE INDEX idx_complete_province_city ON py_happiness_survey_complete(province, city); - (1061, "Duplicate key name 'idx_complete_province_city'")
2026-01-23 14:27:11,650 - WARNING - 执行失败 (可能已存在): CREATE INDEX idx_complete_edu_income ON py_happiness_survey_complete(edu, income); - (1061, "Duplicate key name 'idx_complete_edu_income'")
2026-01-23 14:27:11,650 - WARNING - 执行失败 (可能已存在): CREATE INDEX idx_complete_marital ON py_happiness_survey_complete(marital); - (1061, "Duplicate key name 'idx_complete_marital'")
2026-01-23 14:27:11,650 - INFO - 数据导入流程完成，总耗时: 1.83秒
2026-01-23 14:29:59,150 - INFO - 开始幸福感数据集导入流程...
2026-01-23 14:29:59,150 - INFO - 开始导入简化版数据...
2026-01-23 14:29:59,183 - INFO - 已清空 py_happiness_survey 表
2026-01-23 14:29:59,205 - INFO - 开始预处理train数据集，原始数据量: 8000
2026-01-23 14:29:59,421 - INFO - train数据集预处理完成，清洗后数据量: 8000
2026-01-23 14:29:59,430 - INFO - 开始预处理test数据集，原始数据量: 2968
2026-01-23 14:29:59,513 - INFO - test数据集预处理完成，清洗后数据量: 2968
2026-01-23 14:30:00,170 - INFO - 已插入py_happiness_survey表第1批数据，共1000条记录
2026-01-23 14:30:00,292 - INFO - 已插入py_happiness_survey表第2批数据，共1000条记录
2026-01-23 14:30:00,356 - INFO - 已插入py_happiness_survey表第3批数据，共1000条记录
2026-01-23 14:30:00,416 - INFO - 已插入py_happiness_survey表第4批数据，共1000条记录
2026-01-23 14:30:00,474 - INFO - 已插入py_happiness_survey表第5批数据，共1000条记录
2026-01-23 14:30:00,533 - INFO - 已插入py_happiness_survey表第6批数据，共1000条记录
2026-01-23 14:30:00,597 - INFO - 已插入py_happiness_survey表第7批数据，共1000条记录
2026-01-23 14:30:00,657 - INFO - 已插入py_happiness_survey表第8批数据，共1000条记录
2026-01-23 14:30:00,777 - INFO - 已插入py_happiness_survey表第9批数据，共1000条记录
2026-01-23 14:30:00,838 - INFO - 已插入py_happiness_survey表第10批数据，共1000条记录
2026-01-23 14:30:00,899 - INFO - 已插入py_happiness_survey表第11批数据，共968条记录
2026-01-23 14:30:00,900 - INFO - 成功插入py_happiness_survey表总计10968条记录
2026-01-23 14:30:00,905 - INFO - 简化版数据导入完成
2026-01-23 14:30:00,906 - INFO - 开始导入完整版数据...
2026-01-23 14:30:00,957 - INFO - 已清空 py_happiness_survey_complete 表
2026-01-23 14:30:00,984 - WARNING - 完整版训练数据编码问题，跳过完整版数据导入
2026-01-23 14:30:00,985 - INFO - 开始创建额外的索引和约束...
2026-01-23 14:30:00,987 - WARNING - 执行失败 (可能已存在): CREATE INDEX idx_happiness_gender ON py_happiness_survey(happiness, gender); - (1061, "Duplicate key name 'idx_happiness_gender'")
2026-01-23 14:30:00,988 - WARNING - 执行失败 (可能已存在): CREATE INDEX idx_province_city ON py_happiness_survey(province, city); - (1061, "Duplicate key name 'idx_province_city'")
2026-01-23 14:30:00,989 - WARNING - 执行失败 (可能已存在): CREATE INDEX idx_edu_income ON py_happiness_survey(edu, income); - (1061, "Duplicate key name 'idx_edu_income'")
2026-01-23 14:30:00,989 - WARNING - 执行失败 (可能已存在): CREATE INDEX idx_marital_status ON py_happiness_survey(marital); - (1061, "Duplicate key name 'idx_marital_status'")
2026-01-23 14:30:00,990 - WARNING - 执行失败 (可能已存在): CREATE INDEX idx_complete_happiness_gender ON py_happiness_survey_complete(happiness, gender); - (1061, "Duplicate key name 'idx_complete_happiness_gender'")
2026-01-23 14:30:00,992 - WARNING - 执行失败 (可能已存在): CREATE INDEX idx_complete_province_city ON py_happiness_survey_complete(province, city); - (1061, "Duplicate key name 'idx_complete_province_city'")
2026-01-23 14:30:00,994 - WARNING - 执行失败 (可能已存在): CREATE INDEX idx_complete_edu_income ON py_happiness_survey_complete(edu, income); - (1061, "Duplicate key name 'idx_complete_edu_income'")
2026-01-23 14:30:00,994 - WARNING - 执行失败 (可能已存在): CREATE INDEX idx_complete_marital ON py_happiness_survey_complete(marital); - (1061, "Duplicate key name 'idx_complete_marital'")
2026-01-23 14:30:00,994 - INFO - 数据导入流程完成，总耗时: 1.84秒
2026-01-23 14:31:18,429 - INFO - 开始幸福感数据集导入流程...
2026-01-23 14:31:18,430 - INFO - 开始导入简化版数据...
2026-01-23 14:31:18,460 - INFO - 已清空 py_happiness_survey 表
2026-01-23 14:31:18,480 - INFO - 开始预处理train数据集，原始数据量: 8000
2026-01-23 14:31:18,702 - INFO - train数据集预处理完成，清洗后数据量: 8000
2026-01-23 14:31:18,711 - INFO - 开始预处理test数据集，原始数据量: 2968
2026-01-23 14:31:18,794 - INFO - test数据集预处理完成，清洗后数据量: 2968
2026-01-23 14:31:19,421 - INFO - 已插入py_happiness_survey表第1批数据，共1000条记录
2026-01-23 14:31:19,547 - INFO - 已插入py_happiness_survey表第2批数据，共1000条记录
2026-01-23 14:31:19,616 - INFO - 已插入py_happiness_survey表第3批数据，共1000条记录
2026-01-23 14:31:19,869 - INFO - 已插入py_happiness_survey表第4批数据，共1000条记录
2026-01-23 14:31:19,933 - INFO - 已插入py_happiness_survey表第5批数据，共1000条记录
2026-01-23 14:31:19,998 - INFO - 已插入py_happiness_survey表第6批数据，共1000条记录
2026-01-23 14:31:20,067 - INFO - 已插入py_happiness_survey表第7批数据，共1000条记录
2026-01-23 14:31:20,130 - INFO - 已插入py_happiness_survey表第8批数据，共1000条记录
2026-01-23 14:31:20,196 - INFO - 已插入py_happiness_survey表第9批数据，共1000条记录
2026-01-23 14:31:20,259 - INFO - 已插入py_happiness_survey表第10批数据，共1000条记录
2026-01-23 14:31:20,319 - INFO - 已插入py_happiness_survey表第11批数据，共968条记录
2026-01-23 14:31:20,319 - INFO - 成功插入py_happiness_survey表总计10968条记录
2026-01-23 14:31:20,328 - INFO - 简化版数据导入完成
2026-01-23 14:31:20,330 - INFO - 开始导入完整版数据...
2026-01-23 14:31:20,357 - INFO - 已清空 py_happiness_survey_complete 表
2026-01-23 14:31:20,357 - INFO - 尝试使用 utf-8 编码读取完整版数据...
2026-01-23 14:31:20,387 - WARNING - utf-8 编码读取失败，继续尝试其他编码...
2026-01-23 14:31:20,388 - INFO - 尝试使用 gbk 编码读取完整版数据...
2026-01-23 14:31:20,451 - INFO - 成功使用 gbk 编码读取数据
2026-01-23 14:31:20,451 - INFO - 开始预处理完整版train数据集，原始数据量: 8000
2026-01-23 14:31:21,183 - INFO - 完整版train数据集预处理完成，清洗后数据量: 8000
2026-01-23 14:31:22,277 - ERROR - 插入py_happiness_survey_complete表失败: (1054, "Unknown column 'religion_freq' in 'field list'")
2026-01-23 14:31:22,277 - ERROR - 导入完整版数据失败: (1054, "Unknown column 'religion_freq' in 'field list'")
2026-01-23 14:31:22,277 - WARNING - 完整版数据导入失败，跳过: (1054, "Unknown column 'religion_freq' in 'field list'")
2026-01-23 14:31:22,293 - INFO - 开始创建额外的索引和约束...
2026-01-23 14:31:22,295 - WARNING - 执行失败 (可能已存在): CREATE INDEX IF NOT EXISTS idx_happiness_gender ON py_happiness_survey(happiness, gender); - (1064, "You have an error in your SQL syntax; check the manual that corresponds to your MySQL server version for the right syntax to use near 'IF NOT EXISTS idx_happiness_gender ON py_happiness_survey(happiness, gender)' at line 1")
2026-01-23 14:31:22,295 - WARNING - 执行失败 (可能已存在): CREATE INDEX IF NOT EXISTS idx_province_city ON py_happiness_survey(province, city); - (1064, "You have an error in your SQL syntax; check the manual that corresponds to your MySQL server version for the right syntax to use near 'IF NOT EXISTS idx_province_city ON py_happiness_survey(province, city)' at line 1")
2026-01-23 14:31:22,295 - WARNING - 执行失败 (可能已存在): CREATE INDEX IF NOT EXISTS idx_edu_income ON py_happiness_survey(edu, income); - (1064, "You have an error in your SQL syntax; check the manual that corresponds to your MySQL server version for the right syntax to use near 'IF NOT EXISTS idx_edu_income ON py_happiness_survey(edu, income)' at line 1")
2026-01-23 14:31:22,295 - WARNING - 执行失败 (可能已存在): CREATE INDEX IF NOT EXISTS idx_marital_status ON py_happiness_survey(marital); - (1064, "You have an error in your SQL syntax; check the manual that corresponds to your MySQL server version for the right syntax to use near 'IF NOT EXISTS idx_marital_status ON py_happiness_survey(marital)' at line 1")
2026-01-23 14:31:22,295 - WARNING - 执行失败 (可能已存在): CREATE INDEX IF NOT EXISTS idx_complete_happiness_gender ON py_happiness_survey_complete(happiness, gender); - (1064, "You have an error in your SQL syntax; check the manual that corresponds to your MySQL server version for the right syntax to use near 'IF NOT EXISTS idx_complete_happiness_gender ON py_happiness_survey_complete(happ' at line 1")
2026-01-23 14:31:22,296 - WARNING - 执行失败 (可能已存在): CREATE INDEX IF NOT EXISTS idx_complete_province_city ON py_happiness_survey_complete(province, city); - (1064, "You have an error in your SQL syntax; check the manual that corresponds to your MySQL server version for the right syntax to use near 'IF NOT EXISTS idx_complete_province_city ON py_happiness_survey_complete(provinc' at line 1")
2026-01-23 14:31:22,296 - WARNING - 执行失败 (可能已存在): CREATE INDEX IF NOT EXISTS idx_complete_edu_income ON py_happiness_survey_complete(edu, income); - (1064, "You have an error in your SQL syntax; check the manual that corresponds to your MySQL server version for the right syntax to use near 'IF NOT EXISTS idx_complete_edu_income ON py_happiness_survey_complete(edu, incom' at line 1")
2026-01-23 14:31:22,296 - WARNING - 执行失败 (可能已存在): CREATE INDEX IF NOT EXISTS idx_complete_marital ON py_happiness_survey_complete(marital); - (1064, "You have an error in your SQL syntax; check the manual that corresponds to your MySQL server version for the right syntax to use near 'IF NOT EXISTS idx_complete_marital ON py_happiness_survey_complete(marital)' at line 1")
2026-01-23 14:31:22,296 - INFO - 数据导入流程完成，总耗时: 3.87秒
2026-01-23 14:33:07,770 - INFO - 开始幸福感数据集导入流程...
2026-01-23 14:33:07,770 - INFO - 开始导入简化版数据...
2026-01-23 14:33:07,837 - INFO - 已清空 py_happiness_survey 表
2026-01-23 14:33:07,858 - INFO - 开始预处理train数据集，原始数据量: 8000
2026-01-23 14:33:08,073 - INFO - train数据集预处理完成，清洗后数据量: 8000
2026-01-23 14:33:08,084 - INFO - 开始预处理test数据集，原始数据量: 2968
2026-01-23 14:33:08,169 - INFO - test数据集预处理完成，清洗后数据量: 2968
2026-01-23 14:33:08,895 - INFO - 已插入py_happiness_survey表第1批数据，共1000条记录
2026-01-23 14:33:09,020 - INFO - 已插入py_happiness_survey表第2批数据，共1000条记录
2026-01-23 14:33:09,086 - INFO - 已插入py_happiness_survey表第3批数据，共1000条记录
2026-01-23 14:33:09,145 - INFO - 已插入py_happiness_survey表第4批数据，共1000条记录
2026-01-23 14:33:09,204 - INFO - 已插入py_happiness_survey表第5批数据，共1000条记录
2026-01-23 14:33:09,261 - INFO - 已插入py_happiness_survey表第6批数据，共1000条记录
2026-01-23 14:33:09,325 - INFO - 已插入py_happiness_survey表第7批数据，共1000条记录
2026-01-23 14:33:09,385 - INFO - 已插入py_happiness_survey表第8批数据，共1000条记录
2026-01-23 14:33:09,482 - INFO - 已插入py_happiness_survey表第9批数据，共1000条记录
2026-01-23 14:33:09,541 - INFO - 已插入py_happiness_survey表第10批数据，共1000条记录
2026-01-23 14:33:09,604 - INFO - 已插入py_happiness_survey表第11批数据，共968条记录
2026-01-23 14:33:09,604 - INFO - 成功插入py_happiness_survey表总计10968条记录
2026-01-23 14:33:09,609 - INFO - 简化版数据导入完成
2026-01-23 14:33:09,610 - INFO - 开始导入完整版数据...
2026-01-23 14:33:09,663 - INFO - 已清空 py_happiness_survey_complete 表
2026-01-23 14:33:09,663 - INFO - 尝试使用 utf-8 编码读取完整版数据...
2026-01-23 14:33:09,692 - WARNING - utf-8 编码读取失败，继续尝试其他编码...
2026-01-23 14:33:09,693 - INFO - 尝试使用 gbk 编码读取完整版数据...
2026-01-23 14:33:09,761 - INFO - 成功使用 gbk 编码读取数据
2026-01-23 14:33:09,761 - INFO - 开始预处理完整版train数据集，原始数据量: 8000
2026-01-23 14:33:10,439 - INFO - 完整版train数据集预处理完成，清洗后数据量: 8000
2026-01-23 14:33:11,533 - ERROR - 插入py_happiness_survey_complete表失败: (1054, "Unknown column 'religion_freq' in 'field list'")
2026-01-23 14:33:11,533 - ERROR - 导入完整版数据失败: (1054, "Unknown column 'religion_freq' in 'field list'")
2026-01-23 14:33:11,533 - WARNING - 完整版数据导入失败，跳过: (1054, "Unknown column 'religion_freq' in 'field list'")
2026-01-23 14:33:11,550 - INFO - 开始创建额外的索引和约束...
2026-01-23 14:33:11,573 - WARNING - 创建索引失败 idx_happiness_gender: 0
2026-01-23 14:33:11,574 - WARNING - 创建索引失败 idx_province_city: 0
2026-01-23 14:33:11,574 - WARNING - 创建索引失败 idx_edu_income: 0
2026-01-23 14:33:11,574 - WARNING - 创建索引失败 idx_marital_status: 0
2026-01-23 14:33:11,576 - WARNING - 创建索引失败 idx_complete_happiness_gender: 0
2026-01-23 14:33:11,576 - WARNING - 创建索引失败 idx_complete_province_city: 0
2026-01-23 14:33:11,576 - WARNING - 创建索引失败 idx_complete_edu_income: 0
2026-01-23 14:33:11,576 - WARNING - 创建索引失败 idx_complete_marital: 0
2026-01-23 14:33:11,576 - INFO - 数据导入流程完成，总耗时: 3.81秒
2026-01-23 14:35:25,894 - INFO - 开始幸福感数据集导入流程...
2026-01-23 14:35:25,894 - INFO - 开始导入简化版数据...
2026-01-23 14:35:25,935 - INFO - 已清空 py_happiness_survey 表
2026-01-23 14:35:25,958 - INFO - 开始预处理train数据集，原始数据量: 8000
2026-01-23 14:35:26,165 - INFO - train数据集预处理完成，清洗后数据量: 8000
2026-01-23 14:35:26,174 - INFO - 开始预处理test数据集，原始数据量: 2968
2026-01-23 14:35:26,252 - INFO - test数据集预处理完成，清洗后数据量: 2968
2026-01-23 14:35:26,865 - INFO - 已插入py_happiness_survey表第1批数据，共1000条记录
2026-01-23 14:35:27,001 - INFO - 已插入py_happiness_survey表第2批数据，共1000条记录
2026-01-23 14:35:27,065 - INFO - 已插入py_happiness_survey表第3批数据，共1000条记录
2026-01-23 14:35:27,125 - INFO - 已插入py_happiness_survey表第4批数据，共1000条记录
2026-01-23 14:35:27,181 - INFO - 已插入py_happiness_survey表第5批数据，共1000条记录
2026-01-23 14:35:27,238 - INFO - 已插入py_happiness_survey表第6批数据，共1000条记录
2026-01-23 14:35:27,304 - INFO - 已插入py_happiness_survey表第7批数据，共1000条记录
2026-01-23 14:35:27,364 - INFO - 已插入py_happiness_survey表第8批数据，共1000条记录
2026-01-23 14:35:27,428 - INFO - 已插入py_happiness_survey表第9批数据，共1000条记录
2026-01-23 14:35:27,492 - INFO - 已插入py_happiness_survey表第10批数据，共1000条记录
2026-01-23 14:35:27,549 - INFO - 已插入py_happiness_survey表第11批数据，共968条记录
2026-01-23 14:35:27,549 - INFO - 成功插入py_happiness_survey表总计10968条记录
2026-01-23 14:35:27,555 - INFO - 简化版数据导入完成
2026-01-23 14:35:27,556 - INFO - 开始导入完整版数据...
2026-01-23 14:35:27,584 - INFO - 已清空 py_happiness_survey_complete 表
2026-01-23 14:35:27,584 - INFO - 尝试使用 utf-8 编码读取完整版数据...
2026-01-23 14:35:27,614 - WARNING - utf-8 编码读取失败，继续尝试其他编码...
2026-01-23 14:35:27,614 - INFO - 尝试使用 gbk 编码读取完整版数据...
2026-01-23 14:35:27,682 - INFO - 成功使用 gbk 编码读取数据
2026-01-23 14:35:27,682 - INFO - 开始预处理完整版train数据集，原始数据量: 8000
2026-01-23 14:35:28,435 - INFO - 完整版train数据集预处理完成，清洗后数据量: 8000
2026-01-23 14:35:29,534 - ERROR - 插入py_happiness_survey_complete表失败: (1054, "Unknown column 'family_income' in 'field list'")
2026-01-23 14:35:29,534 - ERROR - 导入完整版数据失败: (1054, "Unknown column 'family_income' in 'field list'")
2026-01-23 14:35:29,534 - WARNING - 完整版数据导入失败，跳过: (1054, "Unknown column 'family_income' in 'field list'")
2026-01-23 14:35:29,550 - INFO - 开始创建额外的索引和约束...
2026-01-23 14:35:29,553 - WARNING - 创建索引失败 idx_happiness_gender: 0
2026-01-23 14:35:29,553 - WARNING - 创建索引失败 idx_province_city: 0
2026-01-23 14:35:29,553 - WARNING - 创建索引失败 idx_edu_income: 0
2026-01-23 14:35:29,554 - WARNING - 创建索引失败 idx_marital_status: 0
2026-01-23 14:35:29,554 - WARNING - 创建索引失败 idx_complete_happiness_gender: 0
2026-01-23 14:35:29,554 - WARNING - 创建索引失败 idx_complete_province_city: 0
2026-01-23 14:35:29,554 - WARNING - 创建索引失败 idx_complete_edu_income: 0
2026-01-23 14:35:29,554 - WARNING - 创建索引失败 idx_complete_marital: 0
2026-01-23 14:35:29,554 - INFO - 数据导入流程完成，总耗时: 3.66秒
2026-01-23 14:37:22,667 - INFO - 开始幸福感数据集导入流程...
2026-01-23 14:37:22,668 - INFO - 开始导入简化版数据...
2026-01-23 14:37:22,696 - INFO - 已清空 py_happiness_survey 表
2026-01-23 14:37:22,724 - INFO - 开始预处理train数据集，原始数据量: 8000
2026-01-23 14:37:22,949 - INFO - train数据集预处理完成，清洗后数据量: 8000
2026-01-23 14:37:22,959 - INFO - 开始预处理test数据集，原始数据量: 2968
2026-01-23 14:37:23,040 - INFO - test数据集预处理完成，清洗后数据量: 2968
2026-01-23 14:37:23,714 - INFO - 已插入py_happiness_survey表第1批数据，共1000条记录
2026-01-23 14:37:23,841 - INFO - 已插入py_happiness_survey表第2批数据，共1000条记录
2026-01-23 14:37:23,931 - INFO - 已插入py_happiness_survey表第3批数据，共1000条记录
2026-01-23 14:37:23,990 - INFO - 已插入py_happiness_survey表第4批数据，共1000条记录
2026-01-23 14:37:24,047 - INFO - 已插入py_happiness_survey表第5批数据，共1000条记录
2026-01-23 14:37:24,106 - INFO - 已插入py_happiness_survey表第6批数据，共1000条记录
2026-01-23 14:37:24,170 - INFO - 已插入py_happiness_survey表第7批数据，共1000条记录
2026-01-23 14:37:24,229 - INFO - 已插入py_happiness_survey表第8批数据，共1000条记录
2026-01-23 14:37:24,290 - INFO - 已插入py_happiness_survey表第9批数据，共1000条记录
2026-01-23 14:37:24,349 - INFO - 已插入py_happiness_survey表第10批数据，共1000条记录
2026-01-23 14:37:24,408 - INFO - 已插入py_happiness_survey表第11批数据，共968条记录
2026-01-23 14:37:24,408 - INFO - 成功插入py_happiness_survey表总计10968条记录
2026-01-23 14:37:24,414 - INFO - 简化版数据导入完成
2026-01-23 14:37:24,416 - INFO - 开始导入完整版数据...
2026-01-23 14:37:24,442 - INFO - 已清空 py_happiness_survey_complete 表
2026-01-23 14:37:24,442 - INFO - 尝试使用 utf-8 编码读取完整版数据...
2026-01-23 14:37:24,474 - WARNING - utf-8 编码读取失败，继续尝试其他编码...
2026-01-23 14:37:24,474 - INFO - 尝试使用 gbk 编码读取完整版数据...
2026-01-23 14:37:24,547 - INFO - 成功使用 gbk 编码读取数据
2026-01-23 14:37:24,547 - INFO - 开始预处理完整版train数据集，原始数据量: 8000
2026-01-23 14:37:25,472 - INFO - 完整版train数据集预处理完成，清洗后数据量: 8000
2026-01-23 14:37:28,706 - ERROR - 插入py_happiness_survey_complete表失败: (1054, "Unknown column 'minor_child' in 'field list'")
2026-01-23 14:37:28,707 - ERROR - 导入完整版数据失败: (1054, "Unknown column 'minor_child' in 'field list'")
2026-01-23 14:37:28,707 - WARNING - 完整版数据导入失败，跳过: (1054, "Unknown column 'minor_child' in 'field list'")
2026-01-23 14:37:28,739 - INFO - 开始创建额外的索引和约束...
2026-01-23 14:37:28,746 - WARNING - 创建索引失败 idx_happiness_gender: 0
2026-01-23 14:37:28,747 - WARNING - 创建索引失败 idx_province_city: 0
2026-01-23 14:37:28,748 - WARNING - 创建索引失败 idx_edu_income: 0
2026-01-23 14:37:28,748 - WARNING - 创建索引失败 idx_marital_status: 0
2026-01-23 14:37:28,750 - WARNING - 创建索引失败 idx_complete_happiness_gender: 0
2026-01-23 14:37:28,751 - WARNING - 创建索引失败 idx_complete_province_city: 0
2026-01-23 14:37:28,751 - WARNING - 创建索引失败 idx_complete_edu_income: 0
2026-01-23 14:37:28,752 - WARNING - 创建索引失败 idx_complete_marital: 0
2026-01-23 14:37:28,753 - INFO - 数据导入流程完成，总耗时: 6.09秒
2026-01-23 14:38:56,700 - INFO - 开始幸福感数据集导入流程...
2026-01-23 14:38:56,700 - INFO - 开始导入简化版数据...
2026-01-23 14:38:56,733 - INFO - 已清空 py_happiness_survey 表
2026-01-23 14:38:56,754 - INFO - 开始预处理train数据集，原始数据量: 8000
2026-01-23 14:38:56,960 - INFO - train数据集预处理完成，清洗后数据量: 8000
2026-01-23 14:38:56,969 - INFO - 开始预处理test数据集，原始数据量: 2968
2026-01-23 14:38:57,049 - INFO - test数据集预处理完成，清洗后数据量: 2968
2026-01-23 14:38:57,678 - INFO - 已插入py_happiness_survey表第1批数据，共1000条记录
2026-01-23 14:38:57,811 - INFO - 已插入py_happiness_survey表第2批数据，共1000条记录
2026-01-23 14:38:57,873 - INFO - 已插入py_happiness_survey表第3批数据，共1000条记录
2026-01-23 14:38:57,929 - INFO - 已插入py_happiness_survey表第4批数据，共1000条记录
2026-01-23 14:38:57,987 - INFO - 已插入py_happiness_survey表第5批数据，共1000条记录
2026-01-23 14:38:58,045 - INFO - 已插入py_happiness_survey表第6批数据，共1000条记录
2026-01-23 14:38:58,109 - INFO - 已插入py_happiness_survey表第7批数据，共1000条记录
2026-01-23 14:38:58,170 - INFO - 已插入py_happiness_survey表第8批数据，共1000条记录
2026-01-23 14:38:58,227 - INFO - 已插入py_happiness_survey表第9批数据，共1000条记录
2026-01-23 14:38:58,286 - INFO - 已插入py_happiness_survey表第10批数据，共1000条记录
2026-01-23 14:38:58,342 - INFO - 已插入py_happiness_survey表第11批数据，共968条记录
2026-01-23 14:38:58,342 - INFO - 成功插入py_happiness_survey表总计10968条记录
2026-01-23 14:38:58,348 - INFO - 简化版数据导入完成
2026-01-23 14:38:58,348 - INFO - 开始导入完整版数据...
2026-01-23 14:38:58,372 - INFO - 已清空 py_happiness_survey_complete 表
2026-01-23 14:38:58,372 - INFO - 尝试使用 utf-8 编码读取完整版数据...
2026-01-23 14:38:58,401 - WARNING - utf-8 编码读取失败，继续尝试其他编码...
2026-01-23 14:38:58,401 - INFO - 尝试使用 gbk 编码读取完整版数据...
2026-01-23 14:38:58,469 - INFO - 成功使用 gbk 编码读取数据
2026-01-23 14:38:58,469 - INFO - 开始预处理完整版train数据集，原始数据量: 8000
2026-01-23 14:38:59,170 - INFO - 完整版train数据集预处理完成，清洗后数据量: 8000
2026-01-23 14:39:00,278 - ERROR - 插入py_happiness_survey_complete表失败: (1054, "Unknown column 'minor_child' in 'field list'")
2026-01-23 14:39:00,278 - ERROR - 导入完整版数据失败: (1054, "Unknown column 'minor_child' in 'field list'")
2026-01-23 14:39:00,278 - WARNING - 完整版数据导入失败，跳过: (1054, "Unknown column 'minor_child' in 'field list'")
2026-01-23 14:39:00,296 - INFO - 开始创建额外的索引和约束...
2026-01-23 14:39:00,297 - WARNING - 创建索引失败 idx_happiness_gender: 0
2026-01-23 14:39:00,298 - WARNING - 创建索引失败 idx_province_city: 0
2026-01-23 14:39:00,298 - WARNING - 创建索引失败 idx_edu_income: 0
2026-01-23 14:39:00,298 - WARNING - 创建索引失败 idx_marital_status: 0
2026-01-23 14:39:00,298 - WARNING - 创建索引失败 idx_complete_happiness_gender: 0
2026-01-23 14:39:00,298 - WARNING - 创建索引失败 idx_complete_province_city: 0
2026-01-23 14:39:00,300 - WARNING - 创建索引失败 idx_complete_edu_income: 0
2026-01-23 14:39:00,300 - WARNING - 创建索引失败 idx_complete_marital: 0
2026-01-23 14:39:00,300 - INFO - 数据导入流程完成，总耗时: 3.60秒
2026-01-23 14:40:02,831 - INFO - 开始幸福感数据集导入流程...
2026-01-23 14:40:02,831 - INFO - 开始导入简化版数据...
2026-01-23 14:40:02,887 - INFO - 已清空 py_happiness_survey 表
2026-01-23 14:40:02,906 - INFO - 开始预处理train数据集，原始数据量: 8000
2026-01-23 14:40:03,107 - INFO - train数据集预处理完成，清洗后数据量: 8000
2026-01-23 14:40:03,116 - INFO - 开始预处理test数据集，原始数据量: 2968
2026-01-23 14:40:03,197 - INFO - test数据集预处理完成，清洗后数据量: 2968
2026-01-23 14:40:03,814 - INFO - 已插入py_happiness_survey表第1批数据，共1000条记录
2026-01-23 14:40:03,967 - INFO - 已插入py_happiness_survey表第2批数据，共1000条记录
2026-01-23 14:40:04,026 - INFO - 已插入py_happiness_survey表第3批数据，共1000条记录
2026-01-23 14:40:04,085 - INFO - 已插入py_happiness_survey表第4批数据，共1000条记录
2026-01-23 14:40:04,142 - INFO - 已插入py_happiness_survey表第5批数据，共1000条记录
2026-01-23 14:40:04,197 - INFO - 已插入py_happiness_survey表第6批数据，共1000条记录
2026-01-23 14:40:04,259 - INFO - 已插入py_happiness_survey表第7批数据，共1000条记录
2026-01-23 14:40:04,314 - INFO - 已插入py_happiness_survey表第8批数据，共1000条记录
2026-01-23 14:40:04,369 - INFO - 已插入py_happiness_survey表第9批数据，共1000条记录
2026-01-23 14:40:04,424 - INFO - 已插入py_happiness_survey表第10批数据，共1000条记录
2026-01-23 14:40:04,485 - INFO - 已插入py_happiness_survey表第11批数据，共968条记录
2026-01-23 14:40:04,485 - INFO - 成功插入py_happiness_survey表总计10968条记录
2026-01-23 14:40:04,490 - INFO - 简化版数据导入完成
2026-01-23 14:40:04,491 - INFO - 开始导入完整版数据...
2026-01-23 14:40:04,536 - INFO - 已清空 py_happiness_survey_complete 表
2026-01-23 14:40:04,536 - INFO - 尝试使用 utf-8 编码读取完整版数据...
2026-01-23 14:40:04,563 - WARNING - utf-8 编码读取失败，继续尝试其他编码...
2026-01-23 14:40:04,563 - INFO - 尝试使用 gbk 编码读取完整版数据...
2026-01-23 14:40:04,626 - INFO - 成功使用 gbk 编码读取数据
2026-01-23 14:40:04,626 - INFO - 开始预处理完整版train数据集，原始数据量: 8000
2026-01-23 14:40:05,288 - INFO - 映射前字段数: 141
2026-01-23 14:40:05,289 - INFO - 映射前示例字段: ['id', 'happiness', 'survey_type', 'province', 'city', 'county', 'survey_time', 'gender', 'birth', 'nationality']
2026-01-23 14:40:05,301 - INFO - 映射后字段数: 141
2026-01-23 14:40:05,301 - INFO - 映射后示例字段: ['id', 'happiness', 'surveyType', 'province', 'city', 'county', 'surveyTime', 'gender', 'birth', 'nationality']
2026-01-23 14:40:05,302 - WARNING - 仍有下划线字段未映射: ['minor_child']
2026-01-23 14:40:05,308 - INFO - 完整版train数据集预处理完成，清洗后数据量: 8000
2026-01-23 14:40:06,323 - ERROR - 插入py_happiness_survey_complete表失败: (1054, "Unknown column 'minor_child' in 'field list'")
2026-01-23 14:40:06,324 - ERROR - 导入完整版数据失败: (1054, "Unknown column 'minor_child' in 'field list'")
2026-01-23 14:40:06,324 - WARNING - 完整版数据导入失败，跳过: (1054, "Unknown column 'minor_child' in 'field list'")
2026-01-23 14:40:06,339 - INFO - 开始创建额外的索引和约束...
2026-01-23 14:40:06,341 - WARNING - 创建索引失败 idx_happiness_gender: 0
2026-01-23 14:40:06,341 - WARNING - 创建索引失败 idx_province_city: 0
2026-01-23 14:40:06,342 - WARNING - 创建索引失败 idx_edu_income: 0
2026-01-23 14:40:06,342 - WARNING - 创建索引失败 idx_marital_status: 0
2026-01-23 14:40:06,342 - WARNING - 创建索引失败 idx_complete_happiness_gender: 0
2026-01-23 14:40:06,343 - WARNING - 创建索引失败 idx_complete_province_city: 0
2026-01-23 14:40:06,343 - WARNING - 创建索引失败 idx_complete_edu_income: 0
2026-01-23 14:40:06,343 - WARNING - 创建索引失败 idx_complete_marital: 0
2026-01-23 14:40:06,343 - INFO - 数据导入流程完成，总耗时: 3.51秒
2026-01-23 14:42:03,337 - INFO - 开始幸福感数据集导入流程...
2026-01-23 14:42:03,337 - INFO - 开始导入简化版数据...
2026-01-23 14:42:03,368 - INFO - 已清空 py_happiness_survey 表
2026-01-23 14:42:03,392 - INFO - 开始预处理train数据集，原始数据量: 8000
2026-01-23 14:42:03,609 - INFO - train数据集预处理完成，清洗后数据量: 8000
2026-01-23 14:42:03,618 - INFO - 开始预处理test数据集，原始数据量: 2968
2026-01-23 14:42:03,705 - INFO - test数据集预处理完成，清洗后数据量: 2968
2026-01-23 14:42:04,349 - INFO - 已插入py_happiness_survey表第1批数据，共1000条记录
2026-01-23 14:42:04,482 - INFO - 已插入py_happiness_survey表第2批数据，共1000条记录
2026-01-23 14:42:04,553 - INFO - 已插入py_happiness_survey表第3批数据，共1000条记录
2026-01-23 14:42:04,612 - INFO - 已插入py_happiness_survey表第4批数据，共1000条记录
2026-01-23 14:42:04,674 - INFO - 已插入py_happiness_survey表第5批数据，共1000条记录
2026-01-23 14:42:04,736 - INFO - 已插入py_happiness_survey表第6批数据，共1000条记录
2026-01-23 14:42:04,801 - INFO - 已插入py_happiness_survey表第7批数据，共1000条记录
2026-01-23 14:42:04,861 - INFO - 已插入py_happiness_survey表第8批数据，共1000条记录
2026-01-23 14:42:04,919 - INFO - 已插入py_happiness_survey表第9批数据，共1000条记录
2026-01-23 14:42:04,985 - INFO - 已插入py_happiness_survey表第10批数据，共1000条记录
2026-01-23 14:42:05,053 - INFO - 已插入py_happiness_survey表第11批数据，共968条记录
2026-01-23 14:42:05,053 - INFO - 成功插入py_happiness_survey表总计10968条记录
2026-01-23 14:42:05,060 - INFO - 简化版数据导入完成
2026-01-23 14:42:05,062 - INFO - 开始导入完整版数据...
2026-01-23 14:42:05,104 - INFO - 已清空 py_happiness_survey_complete 表
2026-01-23 14:42:05,104 - INFO - 尝试使用 utf-8 编码读取完整版数据...
2026-01-23 14:42:05,137 - WARNING - utf-8 编码读取失败，继续尝试其他编码...
2026-01-23 14:42:05,137 - INFO - 尝试使用 gbk 编码读取完整版数据...
2026-01-23 14:42:05,211 - INFO - 成功使用 gbk 编码读取数据
2026-01-23 14:42:05,211 - INFO - 开始预处理完整版train数据集，原始数据量: 8000
2026-01-23 14:42:06,032 - INFO - 映射前字段数: 141
2026-01-23 14:42:06,032 - INFO - 映射前示例字段: ['id', 'happiness', 'survey_type', 'province', 'city', 'county', 'survey_time', 'gender', 'birth', 'nationality']
2026-01-23 14:42:06,052 - INFO - 映射后字段数: 141
2026-01-23 14:42:06,052 - INFO - 映射后示例字段: ['id', 'happiness', 'surveyType', 'province', 'city', 'county', 'surveyTime', 'gender', 'birth', 'nationality']
2026-01-23 14:42:06,061 - INFO - 完整版train数据集预处理完成，清洗后数据量: 8000
2026-01-23 14:42:07,664 - INFO - 已插入py_happiness_survey_complete表第1批数据，共1000条记录
2026-01-23 14:42:07,845 - INFO - 已插入py_happiness_survey_complete表第2批数据，共1000条记录
2026-01-23 14:42:08,035 - INFO - 已插入py_happiness_survey_complete表第3批数据，共1000条记录
2026-01-23 14:42:08,231 - INFO - 已插入py_happiness_survey_complete表第4批数据，共1000条记录
2026-01-23 14:42:08,436 - INFO - 已插入py_happiness_survey_complete表第5批数据，共1000条记录
2026-01-23 14:42:08,628 - INFO - 已插入py_happiness_survey_complete表第6批数据，共1000条记录
2026-01-23 14:42:08,897 - INFO - 已插入py_happiness_survey_complete表第7批数据，共1000条记录
2026-01-23 14:42:09,100 - INFO - 已插入py_happiness_survey_complete表第8批数据，共1000条记录
2026-01-23 14:42:09,100 - INFO - 成功插入py_happiness_survey_complete表总计8000条记录
2026-01-23 14:42:09,117 - INFO - 完整版数据导入完成
2026-01-23 14:42:09,119 - INFO - 开始创建额外的索引和约束...
2026-01-23 14:42:09,120 - WARNING - 创建索引失败 idx_happiness_gender: 0
2026-01-23 14:42:09,121 - WARNING - 创建索引失败 idx_province_city: 0
2026-01-23 14:42:09,121 - WARNING - 创建索引失败 idx_edu_income: 0
2026-01-23 14:42:09,121 - WARNING - 创建索引失败 idx_marital_status: 0
2026-01-23 14:42:09,121 - WARNING - 创建索引失败 idx_complete_happiness_gender: 0
2026-01-23 14:42:09,122 - WARNING - 创建索引失败 idx_complete_province_city: 0
2026-01-23 14:42:09,123 - WARNING - 创建索引失败 idx_complete_edu_income: 0
2026-01-23 14:42:09,123 - WARNING - 创建索引失败 idx_complete_marital: 0
2026-01-23 14:42:09,123 - INFO - 数据导入流程完成，总耗时: 5.79秒
2026-01-23 14:44:34,972 - INFO - 开始幸福感数据集导入流程...
2026-01-23 14:44:34,972 - INFO - 开始导入简化版数据...
2026-01-23 14:44:35,005 - INFO - 已清空 py_happiness_survey 表
2026-01-23 14:44:35,030 - INFO - 开始预处理train数据集，原始数据量: 8000
2026-01-23 14:44:35,254 - INFO - train数据集预处理完成，清洗后数据量: 8000
2026-01-23 14:44:35,265 - INFO - 开始预处理test数据集，原始数据量: 2968
2026-01-23 14:44:35,348 - INFO - test数据集预处理完成，清洗后数据量: 2968
2026-01-23 14:44:36,022 - INFO - 已插入py_happiness_survey表第1批数据，共1000条记录
2026-01-23 14:44:36,176 - INFO - 已插入py_happiness_survey表第2批数据，共1000条记录
2026-01-23 14:44:36,239 - INFO - 已插入py_happiness_survey表第3批数据，共1000条记录
2026-01-23 14:44:36,302 - INFO - 已插入py_happiness_survey表第4批数据，共1000条记录
2026-01-23 14:44:36,369 - INFO - 已插入py_happiness_survey表第5批数据，共1000条记录
2026-01-23 14:44:36,429 - INFO - 已插入py_happiness_survey表第6批数据，共1000条记录
2026-01-23 14:44:36,494 - INFO - 已插入py_happiness_survey表第7批数据，共1000条记录
2026-01-23 14:44:36,552 - INFO - 已插入py_happiness_survey表第8批数据，共1000条记录
2026-01-23 14:44:36,624 - INFO - 已插入py_happiness_survey表第9批数据，共1000条记录
2026-01-23 14:44:36,698 - INFO - 已插入py_happiness_survey表第10批数据，共1000条记录
2026-01-23 14:44:36,756 - INFO - 已插入py_happiness_survey表第11批数据，共968条记录
2026-01-23 14:44:36,756 - INFO - 成功插入py_happiness_survey表总计10968条记录
2026-01-23 14:44:36,762 - INFO - 简化版数据导入完成
2026-01-23 14:44:36,764 - INFO - 开始导入完整版数据...
2026-01-23 14:44:36,792 - INFO - 已清空 py_happiness_survey_complete 表
2026-01-23 14:44:36,792 - INFO - 尝试使用 utf-8 编码读取完整版数据...
2026-01-23 14:44:36,825 - WARNING - utf-8 编码读取失败，继续尝试其他编码...
2026-01-23 14:44:36,825 - INFO - 尝试使用 gbk 编码读取完整版数据...
2026-01-23 14:44:36,897 - INFO - 成功使用 gbk 编码读取数据
2026-01-23 14:44:36,898 - INFO - 开始预处理完整版train数据集，原始数据量: 8000
2026-01-23 14:44:37,646 - INFO - 完整版train数据集预处理完成，清洗后数据量: 8000
2026-01-23 14:44:38,927 - INFO - 已插入py_happiness_survey_complete表第1批数据，共1000条记录
2026-01-23 14:44:39,110 - INFO - 已插入py_happiness_survey_complete表第2批数据，共1000条记录
2026-01-23 14:44:39,290 - INFO - 已插入py_happiness_survey_complete表第3批数据，共1000条记录
2026-01-23 14:44:39,502 - INFO - 已插入py_happiness_survey_complete表第4批数据，共1000条记录
2026-01-23 14:44:39,682 - INFO - 已插入py_happiness_survey_complete表第5批数据，共1000条记录
2026-01-23 14:44:39,869 - INFO - 已插入py_happiness_survey_complete表第6批数据，共1000条记录
2026-01-23 14:44:40,078 - INFO - 已插入py_happiness_survey_complete表第7批数据，共1000条记录
2026-01-23 14:44:40,342 - INFO - 已插入py_happiness_survey_complete表第8批数据，共1000条记录
2026-01-23 14:44:40,342 - INFO - 成功插入py_happiness_survey_complete表总计8000条记录
2026-01-23 14:44:40,359 - INFO - 完整版数据导入完成
2026-01-23 14:44:40,361 - INFO - 开始创建额外的索引和约束...
2026-01-23 14:44:40,362 - WARNING - 创建索引失败 idx_happiness_gender: 0
2026-01-23 14:44:40,363 - WARNING - 创建索引失败 idx_province_city: 0
2026-01-23 14:44:40,363 - WARNING - 创建索引失败 idx_edu_income: 0
2026-01-23 14:44:40,363 - WARNING - 创建索引失败 idx_marital_status: 0
2026-01-23 14:44:40,363 - WARNING - 创建索引失败 idx_complete_happiness_gender: 0
2026-01-23 14:44:40,363 - WARNING - 创建索引失败 idx_complete_province_city: 0
2026-01-23 14:44:40,364 - WARNING - 创建索引失败 idx_complete_edu_income: 0
2026-01-23 14:44:40,364 - WARNING - 创建索引失败 idx_complete_marital: 0
2026-01-23 14:44:40,364 - INFO - 数据导入流程完成，总耗时: 5.39秒
2026-01-23 14:45:50,795 - INFO - 开始幸福感数据集导入流程...
2026-01-23 14:45:50,796 - INFO - 开始导入简化版数据...
2026-01-23 14:45:50,864 - INFO - 已清空 py_happiness_survey 表
2026-01-23 14:45:50,891 - INFO - 开始预处理train数据集，原始数据量: 8000
2026-01-23 14:45:51,106 - INFO - train数据集预处理完成，清洗后数据量: 8000
2026-01-23 14:45:51,117 - INFO - 开始预处理test数据集，原始数据量: 2968
2026-01-23 14:45:51,201 - INFO - test数据集预处理完成，清洗后数据量: 2968
2026-01-23 14:45:51,846 - INFO - 已插入py_happiness_survey表第1批数据，共1000条记录
2026-01-23 14:45:51,973 - INFO - 已插入py_happiness_survey表第2批数据，共1000条记录
2026-01-23 14:45:52,037 - INFO - 已插入py_happiness_survey表第3批数据，共1000条记录
2026-01-23 14:45:52,096 - INFO - 已插入py_happiness_survey表第4批数据，共1000条记录
2026-01-23 14:45:52,150 - INFO - 已插入py_happiness_survey表第5批数据，共1000条记录
2026-01-23 14:45:52,208 - INFO - 已插入py_happiness_survey表第6批数据，共1000条记录
2026-01-23 14:45:52,271 - INFO - 已插入py_happiness_survey表第7批数据，共1000条记录
2026-01-23 14:45:52,331 - INFO - 已插入py_happiness_survey表第8批数据，共1000条记录
2026-01-23 14:45:52,394 - INFO - 已插入py_happiness_survey表第9批数据，共1000条记录
2026-01-23 14:45:52,451 - INFO - 已插入py_happiness_survey表第10批数据，共1000条记录
2026-01-23 14:45:52,511 - INFO - 已插入py_happiness_survey表第11批数据，共968条记录
2026-01-23 14:45:52,511 - INFO - 成功插入py_happiness_survey表总计10968条记录
2026-01-23 14:45:52,516 - INFO - 简化版数据导入完成
2026-01-23 14:45:52,518 - INFO - 开始导入完整版数据...
2026-01-23 14:45:52,552 - INFO - 已清空 py_happiness_survey_complete 表
2026-01-23 14:45:52,552 - INFO - 尝试使用 utf-8 编码读取完整版数据...
2026-01-23 14:45:52,584 - WARNING - utf-8 编码读取失败，继续尝试其他编码...
2026-01-23 14:45:52,585 - INFO - 尝试使用 gbk 编码读取完整版数据...
2026-01-23 14:45:52,660 - INFO - 成功使用 gbk 编码读取数据
2026-01-23 14:45:52,660 - INFO - 开始预处理完整版train数据集，原始数据量: 8000
2026-01-23 14:45:53,398 - INFO - 完整版train数据集预处理完成，清洗后数据量: 8000
2026-01-23 14:45:54,664 - INFO - 已插入py_happiness_survey_complete表第1批数据，共1000条记录
2026-01-23 14:45:54,860 - INFO - 已插入py_happiness_survey_complete表第2批数据，共1000条记录
2026-01-23 14:45:55,086 - INFO - 已插入py_happiness_survey_complete表第3批数据，共1000条记录
2026-01-23 14:45:55,270 - INFO - 已插入py_happiness_survey_complete表第4批数据，共1000条记录
2026-01-23 14:45:55,463 - INFO - 已插入py_happiness_survey_complete表第5批数据，共1000条记录
2026-01-23 14:45:55,645 - INFO - 已插入py_happiness_survey_complete表第6批数据，共1000条记录
2026-01-23 14:45:55,834 - INFO - 已插入py_happiness_survey_complete表第7批数据，共1000条记录
2026-01-23 14:45:56,153 - INFO - 已插入py_happiness_survey_complete表第8批数据，共1000条记录
2026-01-23 14:45:56,153 - INFO - 成功插入py_happiness_survey_complete表总计8000条记录
2026-01-23 14:45:56,170 - INFO - 完整版数据导入完成
2026-01-23 14:45:56,173 - INFO - 开始创建额外的索引和约束...
2026-01-23 14:45:56,176 - INFO - 索引 idx_happiness_gender 已存在，跳过
2026-01-23 14:45:56,176 - INFO - 索引 idx_province_city 已存在，跳过
2026-01-23 14:45:56,176 - INFO - 索引 idx_edu_income 已存在，跳过
2026-01-23 14:45:56,177 - INFO - 索引 idx_marital_status 已存在，跳过
2026-01-23 14:45:56,178 - INFO - 索引 idx_complete_happiness_gender 已存在，跳过
2026-01-23 14:45:56,178 - INFO - 索引 idx_complete_province_city 已存在，跳过
2026-01-23 14:45:56,179 - INFO - 索引 idx_complete_edu_income 已存在，跳过
2026-01-23 14:45:56,179 - INFO - 索引 idx_complete_marital 已存在，跳过
2026-01-23 14:45:56,179 - INFO - 数据导入流程完成，总耗时: 5.38秒
2026-01-23 14:49:25,253 - INFO - 开始幸福感数据集导入流程...
2026-01-23 14:49:25,254 - INFO - 开始导入简化版数据...
2026-01-23 14:49:25,351 - INFO - 已清空 py_happiness_survey 表
2026-01-23 14:49:25,373 - INFO - 开始预处理train数据集，原始数据量: 8000
2026-01-23 14:49:25,583 - INFO - train数据集预处理完成，清洗后数据量: 8000
2026-01-23 14:49:25,591 - INFO - 开始预处理test数据集，原始数据量: 2968
2026-01-23 14:49:25,679 - INFO - test数据集预处理完成，清洗后数据量: 2968
2026-01-23 14:49:26,476 - INFO - 已插入py_happiness_survey表第1批数据，共1000条记录
2026-01-23 14:49:26,604 - INFO - 已插入py_happiness_survey表第2批数据，共1000条记录
2026-01-23 14:49:26,665 - INFO - 已插入py_happiness_survey表第3批数据，共1000条记录
2026-01-23 14:49:26,721 - INFO - 已插入py_happiness_survey表第4批数据，共1000条记录
2026-01-23 14:49:26,778 - INFO - 已插入py_happiness_survey表第5批数据，共1000条记录
2026-01-23 14:49:26,834 - INFO - 已插入py_happiness_survey表第6批数据，共1000条记录
2026-01-23 14:49:26,904 - INFO - 已插入py_happiness_survey表第7批数据，共1000条记录
2026-01-23 14:49:26,964 - INFO - 已插入py_happiness_survey表第8批数据，共1000条记录
2026-01-23 14:49:27,023 - INFO - 已插入py_happiness_survey表第9批数据，共1000条记录
2026-01-23 14:49:27,087 - INFO - 已插入py_happiness_survey表第10批数据，共1000条记录
2026-01-23 14:49:27,147 - INFO - 已插入py_happiness_survey表第11批数据，共968条记录
2026-01-23 14:49:27,147 - INFO - 成功插入py_happiness_survey表总计10968条记录
2026-01-23 14:49:27,155 - INFO - 简化版数据导入完成
2026-01-23 14:49:27,156 - INFO - 开始导入完整版数据...
2026-01-23 14:49:27,181 - INFO - 已清空 py_happiness_survey_complete 表
2026-01-23 14:49:27,181 - INFO - 尝试使用 utf-8 编码读取完整版数据...
2026-01-23 14:49:27,209 - WARNING - utf-8 编码读取失败，继续尝试其他编码...
2026-01-23 14:49:27,209 - INFO - 尝试使用 gbk 编码读取完整版数据...
2026-01-23 14:49:27,280 - INFO - 成功使用 gbk 编码读取数据
2026-01-23 14:49:27,280 - INFO - 开始预处理完整版train数据集，原始数据量: 8000
2026-01-23 14:49:28,007 - INFO - 完整版train数据集预处理完成，清洗后数据量: 8000
2026-01-23 14:49:29,274 - INFO - 已插入py_happiness_survey_complete表第1批数据，共1000条记录
2026-01-23 14:49:29,492 - INFO - 已插入py_happiness_survey_complete表第2批数据，共1000条记录
2026-01-23 14:49:29,769 - INFO - 已插入py_happiness_survey_complete表第3批数据，共1000条记录
2026-01-23 14:49:30,025 - INFO - 已插入py_happiness_survey_complete表第4批数据，共1000条记录
2026-01-23 14:49:30,248 - INFO - 已插入py_happiness_survey_complete表第5批数据，共1000条记录
2026-01-23 14:49:30,480 - INFO - 已插入py_happiness_survey_complete表第6批数据，共1000条记录
2026-01-23 14:49:30,680 - INFO - 已插入py_happiness_survey_complete表第7批数据，共1000条记录
2026-01-23 14:49:30,865 - INFO - 已插入py_happiness_survey_complete表第8批数据，共1000条记录
2026-01-23 14:49:30,865 - INFO - 成功插入py_happiness_survey_complete表总计8000条记录
2026-01-23 14:49:30,879 - INFO - 完整版数据导入完成
2026-01-23 14:49:30,881 - INFO - 开始创建额外的索引和约束...
2026-01-23 14:49:30,901 - INFO - 索引 idx_happiness_gender 已存在，跳过
2026-01-23 14:49:30,901 - INFO - 索引 idx_province_city 已存在，跳过
2026-01-23 14:49:30,903 - INFO - 索引 idx_edu_income 已存在，跳过
2026-01-23 14:49:30,903 - INFO - 索引 idx_marital_status 已存在，跳过
2026-01-23 14:49:30,904 - INFO - 索引 idx_complete_happiness_gender 已存在，跳过
2026-01-23 14:49:30,905 - INFO - 索引 idx_complete_province_city 已存在，跳过
2026-01-23 14:49:30,905 - INFO - 索引 idx_complete_edu_income 已存在，跳过
2026-01-23 14:49:30,906 - INFO - 索引 idx_complete_marital 已存在，跳过
2026-01-23 14:49:30,906 - INFO - 数据导入流程完成，总耗时: 5.65秒
2026-02-09 00:34:15,783 - INFO - 开始幸福感数据集导入流程...
2026-02-09 00:34:15,783 - INFO - 开始导入简化版数据...
2026-02-09 00:34:15,817 - INFO - 已清空 py_happiness_survey 表
2026-02-09 00:34:15,840 - INFO - 开始预处理train数据集，原始数据量: 8000
2026-02-09 00:34:15,989 - INFO - train数据集预处理完成，清洗后数据量: 8000
2026-02-09 00:34:15,996 - INFO - 开始预处理test数据集，原始数据量: 2968
2026-02-09 00:34:16,049 - INFO - test数据集预处理完成，清洗后数据量: 2968
2026-02-09 00:34:16,526 - INFO - 已插入py_happiness_survey表第1批数据，共1000条记录
2026-02-09 00:34:16,591 - INFO - 已插入py_happiness_survey表第2批数据，共1000条记录
2026-02-09 00:34:16,653 - INFO - 已插入py_happiness_survey表第3批数据，共1000条记录
2026-02-09 00:34:16,716 - INFO - 已插入py_happiness_survey表第4批数据，共1000条记录
2026-02-09 00:34:16,778 - INFO - 已插入py_happiness_survey表第5批数据，共1000条记录
2026-02-09 00:34:16,833 - INFO - 已插入py_happiness_survey表第6批数据，共1000条记录
2026-02-09 00:34:16,889 - INFO - 已插入py_happiness_survey表第7批数据，共1000条记录
2026-02-09 00:34:16,941 - INFO - 已插入py_happiness_survey表第8批数据，共1000条记录
2026-02-09 00:34:16,996 - INFO - 已插入py_happiness_survey表第9批数据，共1000条记录
2026-02-09 00:34:17,052 - INFO - 已插入py_happiness_survey表第10批数据，共1000条记录
2026-02-09 00:34:17,104 - INFO - 已插入py_happiness_survey表第11批数据，共968条记录
2026-02-09 00:34:17,105 - INFO - 成功插入py_happiness_survey表总计10968条记录
2026-02-09 00:34:17,115 - INFO - 简化版数据导入完成
2026-02-09 00:34:17,116 - INFO - 开始导入完整版数据...
2026-02-09 00:34:17,129 - INFO - 已清空 py_happiness_survey_complete 表
2026-02-09 00:34:17,129 - INFO - 尝试使用 utf-8 编码读取完整版数据...
2026-02-09 00:34:17,159 - WARNING - utf-8 编码读取失败，继续尝试其他编码...
2026-02-09 00:34:17,159 - INFO - 尝试使用 gbk 编码读取完整版数据...
2026-02-09 00:34:17,337 - INFO - 成功使用 gbk 编码读取数据
2026-02-09 00:34:17,337 - INFO - 开始预处理完整版train数据集，原始数据量: 8000
2026-02-09 00:34:17,821 - INFO - 完整版train数据集预处理完成，清洗后数据量: 8000
2026-02-09 00:34:18,706 - INFO - 已插入py_happiness_survey_complete表第1批数据，共1000条记录
2026-02-09 00:34:18,846 - INFO - 已插入py_happiness_survey_complete表第2批数据，共1000条记录
2026-02-09 00:34:18,988 - INFO - 已插入py_happiness_survey_complete表第3批数据，共1000条记录
2026-02-09 00:34:19,129 - INFO - 已插入py_happiness_survey_complete表第4批数据，共1000条记录
2026-02-09 00:34:19,270 - INFO - 已插入py_happiness_survey_complete表第5批数据，共1000条记录
2026-02-09 00:34:19,408 - INFO - 已插入py_happiness_survey_complete表第6批数据，共1000条记录
2026-02-09 00:34:19,554 - INFO - 已插入py_happiness_survey_complete表第7批数据，共1000条记录
2026-02-09 00:34:19,695 - INFO - 已插入py_happiness_survey_complete表第8批数据，共1000条记录
2026-02-09 00:34:19,695 - INFO - 成功插入py_happiness_survey_complete表总计8000条记录
2026-02-09 00:34:19,728 - INFO - 完整版数据导入完成
2026-02-09 00:34:19,730 - INFO - 开始创建额外的索引和约束...
2026-02-09 00:34:19,735 - INFO - 索引 idx_happiness_gender 已存在，跳过
2026-02-09 00:34:19,735 - INFO - 索引 idx_province_city 已存在，跳过
2026-02-09 00:34:19,736 - INFO - 索引 idx_edu_income 已存在，跳过
2026-02-09 00:34:19,736 - INFO - 索引 idx_marital_status 已存在，跳过
2026-02-09 00:34:19,736 - INFO - 索引 idx_complete_happiness_gender 已存在，跳过
2026-02-09 00:34:19,737 - INFO - 索引 idx_complete_province_city 已存在，跳过
2026-02-09 00:34:19,737 - INFO - 索引 idx_complete_edu_income 已存在，跳过
2026-02-09 00:34:19,737 - INFO - 索引 idx_complete_marital 已存在，跳过
2026-02-09 00:34:19,738 - INFO - 数据导入流程完成，总耗时: 3.95秒
2026-02-09 08:39:47,036 - INFO - 开始幸福感数据集导入流程...
2026-02-09 08:39:47,036 - INFO - 开始导入简化版数据...
2026-02-09 08:39:47,116 - INFO - 已清空 py_happiness_survey 表
2026-02-09 08:39:47,141 - INFO - 开始预处理train数据集，原始数据量: 8000
2026-02-09 08:39:47,255 - INFO - train数据集预处理完成，清洗后数据量: 8000
2026-02-09 08:39:47,261 - INFO - 开始预处理test数据集，原始数据量: 2968
2026-02-09 08:39:47,301 - INFO - test数据集预处理完成，清洗后数据量: 2968
2026-02-09 08:39:47,667 - INFO - 已插入py_happiness_survey表第1批数据，共1000条记录
2026-02-09 08:39:47,716 - INFO - 已插入py_happiness_survey表第2批数据，共1000条记录
2026-02-09 08:39:47,755 - INFO - 已插入py_happiness_survey表第3批数据，共1000条记录
2026-02-09 08:39:47,796 - INFO - 已插入py_happiness_survey表第4批数据，共1000条记录
2026-02-09 08:39:47,835 - INFO - 已插入py_happiness_survey表第5批数据，共1000条记录
2026-02-09 08:39:47,874 - INFO - 已插入py_happiness_survey表第6批数据，共1000条记录
2026-02-09 08:39:47,917 - INFO - 已插入py_happiness_survey表第7批数据，共1000条记录
2026-02-09 08:39:47,957 - INFO - 已插入py_happiness_survey表第8批数据，共1000条记录
2026-02-09 08:39:47,998 - INFO - 已插入py_happiness_survey表第9批数据，共1000条记录
2026-02-09 08:39:48,043 - INFO - 已插入py_happiness_survey表第10批数据，共1000条记录
2026-02-09 08:39:48,088 - INFO - 已插入py_happiness_survey表第11批数据，共968条记录
2026-02-09 08:39:48,089 - INFO - 成功插入py_happiness_survey表总计10968条记录
2026-02-09 08:39:48,096 - INFO - 简化版数据导入完成
2026-02-09 08:39:48,097 - INFO - 开始导入完整版数据...
2026-02-09 08:39:48,110 - INFO - 已清空 py_happiness_survey_complete 表
2026-02-09 08:39:48,110 - INFO - 尝试使用 utf-8 编码读取完整版数据...
2026-02-09 08:39:48,138 - WARNING - utf-8 编码读取失败，继续尝试其他编码...
2026-02-09 08:39:48,139 - INFO - 尝试使用 gbk 编码读取完整版数据...
2026-02-09 08:39:48,200 - INFO - 成功使用 gbk 编码读取数据
2026-02-09 08:39:48,200 - INFO - 开始预处理完整版train数据集，原始数据量: 8000
2026-02-09 08:39:48,623 - INFO - 完整版train数据集预处理完成，清洗后数据量: 8000
2026-02-09 08:39:49,305 - INFO - 已插入py_happiness_survey_complete表第1批数据，共1000条记录
2026-02-09 08:39:49,407 - INFO - 已插入py_happiness_survey_complete表第2批数据，共1000条记录
2026-02-09 08:39:49,512 - INFO - 已插入py_happiness_survey_complete表第3批数据，共1000条记录
2026-02-09 08:39:49,617 - INFO - 已插入py_happiness_survey_complete表第4批数据，共1000条记录
2026-02-09 08:39:49,718 - INFO - 已插入py_happiness_survey_complete表第5批数据，共1000条记录
2026-02-09 08:39:49,818 - INFO - 已插入py_happiness_survey_complete表第6批数据，共1000条记录
2026-02-09 08:39:49,924 - INFO - 已插入py_happiness_survey_complete表第7批数据，共1000条记录
2026-02-09 08:39:50,028 - INFO - 已插入py_happiness_survey_complete表第8批数据，共1000条记录
2026-02-09 08:39:50,028 - INFO - 成功插入py_happiness_survey_complete表总计8000条记录
2026-02-09 08:39:50,046 - INFO - 完整版数据导入完成
2026-02-09 08:39:50,047 - INFO - 开始创建额外的索引和约束...
2026-02-09 08:39:50,051 - INFO - 索引 idx_happiness_gender 已存在，跳过
2026-02-09 08:39:50,051 - INFO - 索引 idx_province_city 已存在，跳过
2026-02-09 08:39:50,051 - INFO - 索引 idx_edu_income 已存在，跳过
2026-02-09 08:39:50,051 - INFO - 索引 idx_marital_status 已存在，跳过
2026-02-09 08:39:50,052 - INFO - 索引 idx_complete_happiness_gender 已存在，跳过
2026-02-09 08:39:50,052 - INFO - 索引 idx_complete_province_city 已存在，跳过
2026-02-09 08:39:50,052 - INFO - 索引 idx_complete_edu_income 已存在，跳过
2026-02-09 08:39:50,053 - INFO - 索引 idx_complete_marital 已存在，跳过
2026-02-09 08:39:50,053 - INFO - 数据导入流程完成，总耗时: 3.02秒
